<?xml version="1.0" ?>
<coverage branch-rate="0" line-rate="0.7121" timestamp="1474233224677" version="4.2">
	<!-- Generated by coverage.py: https://coverage.readthedocs.io -->
	<!-- Based on https://raw.githubusercontent.com/cobertura/web/f0366e5e2cf18f111cbd61fc34ef720a6584ba02/htdocs/xml/coverage-03.dtd -->
	<sources>
		<source>/Users/leandro/Documents/Git/lg-idm</source>
	</sources>
	<packages>
		<package branch-rate="0" complexity="0" line-rate="1" name=".">
			<classes>
				<class branch-rate="0" complexity="0" filename="manage.py" line-rate="1" name="manage.py">
					<methods/>
					<lines>
						<line hits="1" number="1"/>
						<line hits="1" number="2"/>
						<line hits="1" number="3"/>
						<line hits="1" number="4"/>
						<line hits="1" number="5"/>
						<line hits="1" number="8"/>
						<line hits="1" number="9"/>
						<line hits="1" number="10"/>
						<line hits="1" number="11"/>
						<line hits="1" number="13"/>
						<line hits="1" number="14"/>
						<line hits="1" number="15"/>
						<line hits="1" number="17"/>
						<line hits="1" number="19"/>
						<line hits="1" number="21"/>
						<line hits="1" number="22"/>
						<line hits="1" number="23"/>
						<line hits="1" number="25"/>
						<line hits="1" number="27"/>
						<line hits="1" number="29"/>
						<line hits="1" number="31"/>
					</lines>
				</class>
			</classes>
		</package>
		<package branch-rate="0" complexity="0" line-rate="0.8598" name="idManager">
			<classes>
				<class branch-rate="0" complexity="0" filename="idManager/__init__.py" line-rate="1" name="__init__.py">
					<methods/>
					<lines>
						<line hits="1" number="1"/>
						<line hits="1" number="3"/>
						<line hits="1" number="6"/>
						<line hits="1" number="8"/>
						<line hits="1" number="11"/>
						<line hits="1" number="13"/>
						<line hits="1" number="16"/>
					</lines>
				</class>
				<class branch-rate="0" complexity="0" filename="idManager/account_controller.py" line-rate="0.7037" name="account_controller.py">
					<methods/>
					<lines>
						<line hits="1" number="1"/>
						<line hits="1" number="2"/>
						<line hits="1" number="3"/>
						<line hits="1" number="4"/>
						<line hits="1" number="5"/>
						<line hits="1" number="8"/>
						<line hits="1" number="9"/>
						<line hits="1" number="11"/>
						<line hits="1" number="12"/>
						<line hits="1" number="15"/>
						<line hits="1" number="16"/>
						<line hits="0" number="18"/>
						<line hits="0" number="19"/>
						<line hits="1" number="22"/>
						<line hits="1" number="23"/>
						<line hits="0" number="25"/>
						<line hits="0" number="27"/>
						<line hits="0" number="28"/>
						<line hits="0" number="30"/>
						<line hits="1" number="33"/>
						<line hits="1" number="34"/>
						<line hits="0" number="36"/>
						<line hits="0" number="37"/>
						<line hits="1" number="40"/>
						<line hits="1" number="41"/>
						<line hits="1" number="43"/>
						<line hits="1" number="44"/>
					</lines>
				</class>
				<class branch-rate="0" complexity="0" filename="idManager/authentication_controller.py" line-rate="0.7647" name="authentication_controller.py">
					<methods/>
					<lines>
						<line hits="1" number="1"/>
						<line hits="1" number="2"/>
						<line hits="1" number="3"/>
						<line hits="1" number="4"/>
						<line hits="1" number="5"/>
						<line hits="1" number="10"/>
						<line hits="1" number="11"/>
						<line hits="1" number="13"/>
						<line hits="1" number="14"/>
						<line hits="1" number="17"/>
						<line hits="1" number="18"/>
						<line hits="0" number="20"/>
						<line hits="0" number="21"/>
						<line hits="1" number="24"/>
						<line hits="1" number="25"/>
						<line hits="0" number="27"/>
						<line hits="0" number="28"/>
					</lines>
				</class>
				<class branch-rate="0" complexity="0" filename="idManager/error_handler_controller.py" line-rate="0.8235" name="error_handler_controller.py">
					<methods/>
					<lines>
						<line hits="1" number="1"/>
						<line hits="1" number="2"/>
						<line hits="1" number="3"/>
						<line hits="1" number="6"/>
						<line hits="1" number="7"/>
						<line hits="0" number="9"/>
						<line hits="0" number="10"/>
						<line hits="0" number="12"/>
						<line hits="1" number="15"/>
						<line hits="1" number="16"/>
						<line hits="1" number="18"/>
						<line hits="1" number="19"/>
						<line hits="1" number="21"/>
						<line hits="1" number="25"/>
						<line hits="1" number="27"/>
						<line hits="1" number="28"/>
						<line hits="1" number="30"/>
					</lines>
				</class>
				<class branch-rate="0" complexity="0" filename="idManager/home_controller.py" line-rate="1" name="home_controller.py">
					<methods/>
					<lines>
						<line hits="1" number="1"/>
						<line hits="1" number="2"/>
						<line hits="1" number="3"/>
						<line hits="1" number="6"/>
						<line hits="1" number="7"/>
						<line hits="1" number="9"/>
						<line hits="1" number="10"/>
						<line hits="1" number="12"/>
					</lines>
				</class>
				<class branch-rate="0" complexity="0" filename="idManager/settings.py" line-rate="1" name="settings.py">
					<methods/>
					<lines>
						<line hits="1" number="1"/>
						<line hits="1" number="2"/>
						<line hits="1" number="8"/>
						<line hits="1" number="9"/>
						<line hits="1" number="12"/>
						<line hits="1" number="14"/>
						<line hits="1" number="15"/>
						<line hits="1" number="16"/>
						<line hits="1" number="17"/>
						<line hits="1" number="19"/>
						<line hits="1" number="24"/>
						<line hits="1" number="25"/>
						<line hits="1" number="28"/>
						<line hits="1" number="29"/>
						<line hits="1" number="30"/>
						<line hits="1" number="31"/>
						<line hits="1" number="32"/>
						<line hits="1" number="33"/>
						<line hits="1" number="34"/>
						<line hits="1" number="35"/>
						<line hits="1" number="36"/>
						<line hits="1" number="37"/>
						<line hits="1" number="38"/>
						<line hits="1" number="41"/>
						<line hits="1" number="42"/>
						<line hits="1" number="43"/>
						<line hits="1" number="44"/>
						<line hits="1" number="45"/>
						<line hits="1" number="46"/>
						<line hits="1" number="47"/>
						<line hits="1" number="48"/>
					</lines>
				</class>
			</classes>
		</package>
		<package branch-rate="0" complexity="0" line-rate="0.9474" name="idManager.model.database">
			<classes>
				<class branch-rate="0" complexity="0" filename="idManager/model/database/db_model.py" line-rate="0.9259" name="db_model.py">
					<methods/>
					<lines>
						<line hits="1" number="1"/>
						<line hits="1" number="2"/>
						<line hits="1" number="3"/>
						<line hits="1" number="4"/>
						<line hits="1" number="6"/>
						<line hits="1" number="10"/>
						<line hits="1" number="11"/>
						<line hits="1" number="12"/>
						<line hits="1" number="13"/>
						<line hits="1" number="14"/>
						<line hits="1" number="16"/>
						<line hits="1" number="17"/>
						<line hits="1" number="18"/>
						<line hits="1" number="20"/>
						<line hits="0" number="21"/>
						<line hits="1" number="23"/>
						<line hits="1" number="25"/>
						<line hits="1" number="28"/>
						<line hits="1" number="29"/>
						<line hits="1" number="30"/>
						<line hits="1" number="31"/>
						<line hits="1" number="32"/>
						<line hits="1" number="34"/>
						<line hits="1" number="35"/>
						<line hits="1" number="36"/>
						<line hits="1" number="38"/>
						<line hits="0" number="39"/>
					</lines>
				</class>
				<class branch-rate="0" complexity="0" filename="idManager/model/database/db_schema.py" line-rate="1" name="db_schema.py">
					<methods/>
					<lines>
						<line hits="1" number="1"/>
						<line hits="1" number="5"/>
						<line hits="1" number="6"/>
						<line hits="1" number="7"/>
						<line hits="1" number="10"/>
						<line hits="1" number="11"/>
						<line hits="1" number="12"/>
						<line hits="1" number="14"/>
						<line hits="1" number="15"/>
						<line hits="1" number="16"/>
						<line hits="1" number="17"/>
					</lines>
				</class>
			</classes>
		</package>
		<package branch-rate="0" complexity="0" line-rate="0.9677" name="idManager.model.decorator">
			<classes>
				<class branch-rate="0" complexity="0" filename="idManager/model/decorator/auth_decorator.py" line-rate="0.9286" name="auth_decorator.py">
					<methods/>
					<lines>
						<line hits="1" number="1"/>
						<line hits="1" number="2"/>
						<line hits="1" number="3"/>
						<line hits="1" number="4"/>
						<line hits="1" number="7"/>
						<line hits="1" number="8"/>
						<line hits="1" number="11"/>
						<line hits="1" number="13"/>
						<line hits="1" number="14"/>
						<line hits="1" number="15"/>
						<line hits="0" number="18"/>
						<line hits="1" number="22"/>
						<line hits="1" number="24"/>
						<line hits="1" number="26"/>
					</lines>
				</class>
				<class branch-rate="0" complexity="0" filename="idManager/model/decorator/headers.py" line-rate="1" name="headers.py">
					<methods/>
					<lines>
						<line hits="1" number="1"/>
						<line hits="1" number="2"/>
						<line hits="1" number="3"/>
						<line hits="1" number="6"/>
						<line hits="1" number="7"/>
						<line hits="1" number="9"/>
						<line hits="1" number="10"/>
						<line hits="1" number="12"/>
						<line hits="1" number="13"/>
						<line hits="1" number="14"/>
						<line hits="1" number="16"/>
						<line hits="1" number="18"/>
						<line hits="1" number="20"/>
						<line hits="1" number="21"/>
						<line hits="1" number="23"/>
						<line hits="1" number="26"/>
						<line hits="1" number="28"/>
					</lines>
				</class>
			</classes>
		</package>
		<package branch-rate="0" complexity="0" line-rate="0.5231" name="idManager.model.integration">
			<classes>
				<class branch-rate="0" complexity="0" filename="idManager/model/integration/account_data.py" line-rate="0.5" name="account_data.py">
					<methods/>
					<lines>
						<line hits="1" number="1"/>
						<line hits="1" number="4"/>
						<line hits="1" number="5"/>
						<line hits="1" number="6"/>
						<line hits="1" number="7"/>
						<line hits="1" number="9"/>
						<line hits="0" number="10"/>
						<line hits="0" number="11"/>
						<line hits="1" number="14"/>
						<line hits="1" number="15"/>
						<line hits="1" number="16"/>
						<line hits="0" number="17"/>
						<line hits="0" number="18"/>
						<line hits="1" number="21"/>
						<line hits="1" number="22"/>
						<line hits="1" number="23"/>
						<line hits="0" number="24"/>
						<line hits="0" number="25"/>
						<line hits="1" number="28"/>
						<line hits="0" number="29"/>
						<line hits="0" number="30"/>
						<line hits="0" number="31"/>
						<line hits="0" number="32"/>
						<line hits="1" number="35"/>
						<line hits="0" number="36"/>
						<line hits="0" number="37"/>
						<line hits="0" number="38"/>
						<line hits="0" number="39"/>
						<line hits="0" number="41"/>
						<line hits="0" number="42"/>
						<line hits="0" number="43"/>
						<line hits="1" number="46"/>
						<line hits="1" number="47"/>
						<line hits="1" number="48"/>
						<line hits="1" number="49"/>
						<line hits="1" number="51"/>
						<line hits="0" number="52"/>
						<line hits="0" number="53"/>
					</lines>
				</class>
				<class branch-rate="0" complexity="0" filename="idManager/model/integration/token_data.py" line-rate="0.5556" name="token_data.py">
					<methods/>
					<lines>
						<line hits="1" number="1"/>
						<line hits="1" number="4"/>
						<line hits="1" number="5"/>
						<line hits="1" number="6"/>
						<line hits="1" number="7"/>
						<line hits="1" number="9"/>
						<line hits="0" number="11"/>
						<line hits="0" number="12"/>
						<line hits="1" number="15"/>
						<line hits="1" number="16"/>
						<line hits="1" number="17"/>
						<line hits="0" number="19"/>
						<line hits="0" number="20"/>
						<line hits="1" number="23"/>
						<line hits="0" number="24"/>
						<line hits="0" number="25"/>
						<line hits="0" number="26"/>
						<line hits="0" number="28"/>
						<line hits="0" number="29"/>
						<line hits="0" number="30"/>
						<line hits="1" number="33"/>
						<line hits="1" number="34"/>
						<line hits="1" number="35"/>
						<line hits="1" number="36"/>
						<line hits="1" number="38"/>
						<line hits="0" number="39"/>
						<line hits="0" number="40"/>
					</lines>
				</class>
			</classes>
		</package>
		<package branch-rate="0" complexity="0" line-rate="0.6242" name="idManager.model.service">
			<classes>
				<class branch-rate="0" complexity="0" filename="idManager/model/service/account_service.py" line-rate="0.6196" name="account_service.py">
					<methods/>
					<lines>
						<line hits="1" number="1"/>
						<line hits="1" number="2"/>
						<line hits="1" number="3"/>
						<line hits="1" number="4"/>
						<line hits="1" number="5"/>
						<line hits="1" number="6"/>
						<line hits="1" number="7"/>
						<line hits="1" number="8"/>
						<line hits="1" number="12"/>
						<line hits="1" number="13"/>
						<line hits="1" number="14"/>
						<line hits="1" number="15"/>
						<line hits="1" number="19"/>
						<line hits="1" number="20"/>
						<line hits="1" number="26"/>
						<line hits="1" number="27"/>
						<line hits="1" number="29"/>
						<line hits="1" number="30"/>
						<line hits="0" number="32"/>
						<line hits="1" number="36"/>
						<line hits="1" number="37"/>
						<line hits="1" number="38"/>
						<line hits="1" number="41"/>
						<line hits="1" number="42"/>
						<line hits="1" number="43"/>
						<line hits="1" number="45"/>
						<line hits="1" number="48"/>
						<line hits="1" number="49"/>
						<line hits="1" number="54"/>
						<line hits="1" number="57"/>
						<line hits="1" number="58"/>
						<line hits="1" number="60"/>
						<line hits="1" number="62"/>
						<line hits="1" number="63"/>
						<line hits="1" number="65"/>
						<line hits="1" number="67"/>
						<line hits="1" number="69"/>
						<line hits="1" number="70"/>
						<line hits="1" number="71"/>
						<line hits="1" number="73"/>
						<line hits="0" number="77"/>
						<line hits="1" number="80"/>
						<line hits="1" number="85"/>
						<line hits="0" number="87"/>
						<line hits="0" number="88"/>
						<line hits="0" number="91"/>
						<line hits="0" number="92"/>
						<line hits="0" number="93"/>
						<line hits="0" number="95"/>
						<line hits="0" number="98"/>
						<line hits="0" number="99"/>
						<line hits="0" number="104"/>
						<line hits="1" number="107"/>
						<line hits="0" number="109"/>
						<line hits="0" number="111"/>
						<line hits="0" number="113"/>
						<line hits="0" number="115"/>
						<line hits="0" number="116"/>
						<line hits="0" number="117"/>
						<line hits="0" number="121"/>
						<line hits="0" number="123"/>
						<line hits="1" number="129"/>
						<line hits="0" number="131"/>
						<line hits="0" number="134"/>
						<line hits="0" number="135"/>
						<line hits="0" number="140"/>
						<line hits="1" number="143"/>
						<line hits="0" number="144"/>
						<line hits="0" number="145"/>
						<line hits="1" number="152"/>
						<line hits="0" number="154"/>
						<line hits="0" number="157"/>
						<line hits="0" number="158"/>
						<line hits="0" number="163"/>
						<line hits="1" number="167"/>
						<line hits="0" number="168"/>
						<line hits="0" number="170"/>
						<line hits="0" number="171"/>
						<line hits="0" number="174"/>
						<line hits="1" number="180"/>
						<line hits="1" number="182"/>
						<line hits="1" number="185"/>
						<line hits="1" number="186"/>
						<line hits="1" number="191"/>
						<line hits="1" number="194"/>
						<line hits="1" number="195"/>
						<line hits="1" number="196"/>
						<line hits="1" number="198"/>
						<line hits="1" number="201"/>
						<line hits="1" number="202"/>
						<line hits="0" number="206"/>
						<line hits="0" number="208"/>
					</lines>
				</class>
				<class branch-rate="0" complexity="0" filename="idManager/model/service/authentication_service.py" line-rate="0.5526" name="authentication_service.py">
					<methods/>
					<lines>
						<line hits="1" number="1"/>
						<line hits="1" number="2"/>
						<line hits="1" number="3"/>
						<line hits="1" number="4"/>
						<line hits="1" number="5"/>
						<line hits="1" number="10"/>
						<line hits="1" number="11"/>
						<line hits="0" number="12"/>
						<line hits="1" number="15"/>
						<line hits="1" number="16"/>
						<line hits="0" number="17"/>
						<line hits="1" number="19"/>
						<line hits="1" number="22"/>
						<line hits="1" number="23"/>
						<line hits="0" number="28"/>
						<line hits="1" number="31"/>
						<line hits="1" number="32"/>
						<line hits="1" number="34"/>
						<line hits="1" number="35"/>
						<line hits="1" number="37"/>
						<line hits="0" number="42"/>
						<line hits="1" number="49"/>
						<line hits="0" number="51"/>
						<line hits="0" number="52"/>
						<line hits="0" number="55"/>
						<line hits="0" number="56"/>
						<line hits="0" number="61"/>
						<line hits="1" number="64"/>
						<line hits="0" number="65"/>
						<line hits="0" number="67"/>
						<line hits="1" number="75"/>
						<line hits="0" number="77"/>
						<line hits="0" number="78"/>
						<line hits="0" number="81"/>
						<line hits="0" number="82"/>
						<line hits="0" number="87"/>
						<line hits="1" number="90"/>
						<line hits="0" number="92"/>
					</lines>
				</class>
				<class branch-rate="0" complexity="0" filename="idManager/model/service/token_service.py" line-rate="0.7407" name="token_service.py">
					<methods/>
					<lines>
						<line hits="1" number="1"/>
						<line hits="1" number="2"/>
						<line hits="1" number="3"/>
						<line hits="1" number="6"/>
						<line hits="1" number="7"/>
						<line hits="1" number="8"/>
						<line hits="1" number="10"/>
						<line hits="1" number="11"/>
						<line hits="0" number="13"/>
						<line hits="1" number="16"/>
						<line hits="1" number="17"/>
						<line hits="1" number="20"/>
						<line hits="1" number="21"/>
						<line hits="1" number="22"/>
						<line hits="1" number="23"/>
						<line hits="0" number="24"/>
						<line hits="0" number="25"/>
						<line hits="0" number="26"/>
						<line hits="0" number="27"/>
						<line hits="1" number="29"/>
						<line hits="1" number="31"/>
						<line hits="0" number="32"/>
						<line hits="1" number="34"/>
						<line hits="1" number="37"/>
						<line hits="0" number="38"/>
						<line hits="1" number="41"/>
						<line hits="1" number="42"/>
					</lines>
				</class>
			</classes>
		</package>
		<package branch-rate="0" complexity="0" line-rate="0.6646" name="idManager.test">
			<classes>
				<class branch-rate="0" complexity="0" filename="idManager/test/conftest.py" line-rate="1" name="conftest.py">
					<methods/>
					<lines>
						<line hits="1" number="1"/>
						<line hits="1" number="2"/>
						<line hits="1" number="5"/>
						<line hits="1" number="7"/>
						<line hits="1" number="8"/>
						<line hits="1" number="11"/>
						<line hits="1" number="13"/>
					</lines>
				</class>
				<class branch-rate="0" complexity="0" filename="idManager/test/records.py" line-rate="1" name="records.py">
					<methods/>
					<lines>
						<line hits="1" number="1"/>
						<line hits="1" number="2"/>
						<line hits="1" number="4"/>
						<line hits="1" number="8"/>
						<line hits="1" number="9"/>
						<line hits="1" number="12"/>
						<line hits="1" number="13"/>
						<line hits="1" number="16"/>
						<line hits="1" number="17"/>
						<line hits="1" number="20"/>
						<line hits="1" number="21"/>
						<line hits="1" number="24"/>
						<line hits="1" number="25"/>
						<line hits="1" number="28"/>
						<line hits="1" number="29"/>
						<line hits="1" number="32"/>
						<line hits="1" number="33"/>
						<line hits="1" number="36"/>
						<line hits="1" number="37"/>
						<line hits="1" number="40"/>
						<line hits="1" number="41"/>
						<line hits="1" number="44"/>
						<line hits="1" number="45"/>
						<line hits="1" number="48"/>
						<line hits="1" number="49"/>
						<line hits="1" number="54"/>
						<line hits="1" number="55"/>
						<line hits="1" number="58"/>
						<line hits="1" number="59"/>
						<line hits="1" number="63"/>
						<line hits="1" number="64"/>
						<line hits="1" number="67"/>
						<line hits="1" number="68"/>
						<line hits="1" number="71"/>
						<line hits="1" number="72"/>
						<line hits="1" number="75"/>
						<line hits="1" number="76"/>
						<line hits="1" number="79"/>
						<line hits="1" number="80"/>
						<line hits="1" number="83"/>
						<line hits="1" number="84"/>
					</lines>
				</class>
				<class branch-rate="0" complexity="0" filename="idManager/test/test_account.py" line-rate="0.5179" name="test_account.py">
					<methods/>
					<lines>
						<line hits="1" number="1"/>
						<line hits="1" number="2"/>
						<line hits="1" number="3"/>
						<line hits="1" number="9"/>
						<line hits="1" number="30"/>
						<line hits="1" number="34"/>
						<line hits="1" number="37"/>
						<line hits="1" number="38"/>
						<line hits="1" number="39"/>
						<line hits="1" number="41"/>
						<line hits="1" number="46"/>
						<line hits="1" number="51"/>
						<line hits="1" number="55"/>
						<line hits="1" number="90"/>
						<line hits="1" number="91"/>
						<line hits="1" number="93"/>
						<line hits="1" number="94"/>
						<line hits="1" number="99"/>
						<line hits="1" number="100"/>
						<line hits="1" number="102"/>
						<line hits="1" number="104"/>
						<line hits="1" number="105"/>
						<line hits="1" number="110"/>
						<line hits="1" number="112"/>
						<line hits="1" number="114"/>
						<line hits="1" number="117"/>
						<line hits="1" number="120"/>
						<line hits="0" number="124"/>
						<line hits="0" number="125"/>
						<line hits="0" number="130"/>
						<line hits="0" number="131"/>
						<line hits="0" number="133"/>
						<line hits="0" number="136"/>
						<line hits="0" number="138"/>
						<line hits="0" number="139"/>
						<line hits="0" number="140"/>
						<line hits="1" number="143"/>
						<line hits="0" number="147"/>
						<line hits="0" number="148"/>
						<line hits="0" number="152"/>
						<line hits="0" number="153"/>
						<line hits="0" number="155"/>
						<line hits="0" number="158"/>
						<line hits="0" number="160"/>
						<line hits="0" number="161"/>
						<line hits="0" number="162"/>
						<line hits="1" number="165"/>
						<line hits="0" number="169"/>
						<line hits="0" number="170"/>
						<line hits="0" number="174"/>
						<line hits="0" number="175"/>
						<line hits="0" number="177"/>
						<line hits="0" number="180"/>
						<line hits="0" number="182"/>
						<line hits="0" number="183"/>
						<line hits="0" number="184"/>
					</lines>
				</class>
				<class branch-rate="0" complexity="0" filename="idManager/test/test_auth.py" line-rate="0.1333" name="test_auth.py">
					<methods/>
					<lines>
						<line hits="1" number="1"/>
						<line hits="1" number="4"/>
						<line hits="0" number="8"/>
						<line hits="0" number="9"/>
						<line hits="0" number="14"/>
						<line hits="0" number="16"/>
						<line hits="0" number="19"/>
						<line hits="0" number="21"/>
						<line hits="0" number="22"/>
						<line hits="0" number="23"/>
						<line hits="1" number="26"/>
						<line hits="0" number="30"/>
						<line hits="0" number="31"/>
						<line hits="0" number="35"/>
						<line hits="0" number="36"/>
						<line hits="0" number="38"/>
						<line hits="0" number="41"/>
						<line hits="0" number="43"/>
						<line hits="0" number="44"/>
						<line hits="0" number="45"/>
						<line hits="1" number="48"/>
						<line hits="0" number="52"/>
						<line hits="0" number="53"/>
						<line hits="0" number="57"/>
						<line hits="0" number="58"/>
						<line hits="0" number="60"/>
						<line hits="0" number="63"/>
						<line hits="0" number="65"/>
						<line hits="0" number="66"/>
						<line hits="0" number="67"/>
					</lines>
				</class>
				<class branch-rate="0" complexity="0" filename="idManager/test/test_home.py" line-rate="1" name="test_home.py">
					<methods/>
					<lines>
						<line hits="1" number="1"/>
						<line hits="1" number="2"/>
						<line hits="1" number="3"/>
						<line hits="1" number="6"/>
						<line hits="1" number="13"/>
						<line hits="1" number="19"/>
						<line hits="1" number="22"/>
						<line hits="1" number="29"/>
						<line hits="1" number="33"/>
						<line hits="1" number="36"/>
						<line hits="1" number="43"/>
						<line hits="1" number="47"/>
						<line hits="1" number="50"/>
						<line hits="1" number="57"/>
						<line hits="1" number="61"/>
					</lines>
				</class>
				<class branch-rate="0" complexity="0" filename="idManager/test/util.py" line-rate="1" name="util.py">
					<methods/>
					<lines>
						<line hits="1" number="1"/>
						<line hits="1" number="2"/>
						<line hits="1" number="4"/>
						<line hits="1" number="7"/>
						<line hits="1" number="8"/>
						<line hits="1" number="11"/>
						<line hits="1" number="12"/>
						<line hits="1" number="13"/>
						<line hits="1" number="15"/>
					</lines>
				</class>
			</classes>
		</package>
		<package branch-rate="0" complexity="0" line-rate="0.629" name="idManager.view">
			<classes>
				<class branch-rate="0" complexity="0" filename="idManager/view/account_view.py" line-rate="0.5926" name="account_view.py">
					<methods/>
					<lines>
						<line hits="1" number="1"/>
						<line hits="1" number="4"/>
						<line hits="1" number="5"/>
						<line hits="1" number="6"/>
						<line hits="1" number="7"/>
						<line hits="1" number="8"/>
						<line hits="1" number="10"/>
						<line hits="1" number="13"/>
						<line hits="0" number="14"/>
						<line hits="0" number="15"/>
						<line hits="0" number="16"/>
						<line hits="0" number="17"/>
						<line hits="0" number="19"/>
						<line hits="1" number="22"/>
						<line hits="0" number="25"/>
						<line hits="0" number="27"/>
						<line hits="1" number="30"/>
						<line hits="0" number="31"/>
						<line hits="0" number="32"/>
						<line hits="0" number="33"/>
						<line hits="0" number="35"/>
						<line hits="1" number="38"/>
						<line hits="1" number="39"/>
						<line hits="1" number="40"/>
						<line hits="1" number="41"/>
						<line hits="1" number="42"/>
						<line hits="1" number="44"/>
					</lines>
				</class>
				<class branch-rate="0" complexity="0" filename="idManager/view/authentication_view.py" line-rate="0.4737" name="authentication_view.py">
					<methods/>
					<lines>
						<line hits="1" number="1"/>
						<line hits="1" number="4"/>
						<line hits="1" number="5"/>
						<line hits="1" number="6"/>
						<line hits="1" number="7"/>
						<line hits="1" number="9"/>
						<line hits="1" number="11"/>
						<line hits="1" number="14"/>
						<line hits="0" number="15"/>
						<line hits="0" number="16"/>
						<line hits="0" number="17"/>
						<line hits="0" number="19"/>
						<line hits="0" number="21"/>
						<line hits="1" number="24"/>
						<line hits="0" number="25"/>
						<line hits="0" number="26"/>
						<line hits="0" number="27"/>
						<line hits="0" number="29"/>
						<line hits="0" number="31"/>
					</lines>
				</class>
				<class branch-rate="0" complexity="0" filename="idManager/view/error_handler_view.py" line-rate="0.8182" name="error_handler_view.py">
					<methods/>
					<lines>
						<line hits="1" number="1"/>
						<line hits="1" number="2"/>
						<line hits="1" number="5"/>
						<line hits="0" number="6"/>
						<line hits="0" number="10"/>
						<line hits="1" number="13"/>
						<line hits="1" number="14"/>
						<line hits="1" number="18"/>
						<line hits="1" number="21"/>
						<line hits="1" number="22"/>
						<line hits="1" number="26"/>
					</lines>
				</class>
				<class branch-rate="0" complexity="0" filename="idManager/view/home_view.py" line-rate="1" name="home_view.py">
					<methods/>
					<lines>
						<line hits="1" number="1"/>
						<line hits="1" number="2"/>
						<line hits="1" number="5"/>
						<line hits="1" number="6"/>
						<line hits="1" number="10"/>
					</lines>
				</class>
			</classes>
		</package>
	</packages>
</coverage>
